This file contains any messages produced by compilers while
running configure, to aid debugging if configure makes a mistake.

It was created by gedit-code-assistance configure 0.2.0, which was
generated by GNU Autoconf 2.69.  Invocation command line was

  $ ./configure 

## --------- ##
## Platform. ##
## --------- ##

hostname = killbill
uname -m = x86_64
uname -r = 3.2.0-4-amd64
uname -s = Linux
uname -v = #1 SMP Debian 3.2.41-2+deb7u2

/usr/bin/uname -p = unknown
/bin/uname -X     = unknown

/bin/arch              = unknown
/usr/bin/arch -k       = unknown
/usr/convex/getsysinfo = unknown
/usr/bin/hostinfo      = unknown
/bin/machine           = unknown
/usr/bin/oslevel       = unknown
/bin/universe          = unknown

PATH: /home/melissawen/bin
PATH: /usr/local/bin
PATH: /usr/bin
PATH: /bin
PATH: /usr/local/games
PATH: /usr/games
PATH: /home/melissawen/.local/bin


## ----------- ##
## Core tests. ##
## ----------- ##

configure:2415: checking for gcc
configure:2431: found /usr/bin/gcc
configure:2442: result: gcc
configure:2671: checking for C compiler version
configure:2680: gcc --version >&5
gcc (Debian 4.7.2-5) 4.7.2
Copyright (C) 2012 Free Software Foundation, Inc.
This is free software; see the source for copying conditions.  There is NO
warranty; not even for MERCHANTABILITY or FITNESS FOR A PARTICULAR PURPOSE.

configure:2691: $? = 0
configure:2680: gcc -v >&5
Using built-in specs.
COLLECT_GCC=gcc
COLLECT_LTO_WRAPPER=/usr/lib/gcc/x86_64-linux-gnu/4.7/lto-wrapper
Target: x86_64-linux-gnu
Configured with: ../src/configure -v --with-pkgversion='Debian 4.7.2-5' --with-bugurl=file:///usr/share/doc/gcc-4.7/README.Bugs --enable-languages=c,c++,go,fortran,objc,obj-c++ --prefix=/usr --program-suffix=-4.7 --enable-shared --enable-linker-build-id --with-system-zlib --libexecdir=/usr/lib --without-included-gettext --enable-threads=posix --with-gxx-include-dir=/usr/include/c++/4.7 --libdir=/usr/lib --enable-nls --with-sysroot=/ --enable-clocale=gnu --enable-libstdcxx-debug --enable-libstdcxx-time=yes --enable-gnu-unique-object --enable-plugin --enable-objc-gc --with-arch-32=i586 --with-tune=generic --enable-checking=release --build=x86_64-linux-gnu --host=x86_64-linux-gnu --target=x86_64-linux-gnu
Thread model: posix
gcc version 4.7.2 (Debian 4.7.2-5) 
configure:2691: $? = 0
configure:2680: gcc -V >&5
gcc: error: unrecognized command line option '-V'
gcc: fatal error: no input files
compilation terminated.
configure:2691: $? = 4
configure:2680: gcc -qversion >&5
gcc: error: unrecognized command line option '-qversion'
gcc: fatal error: no input files
compilation terminated.
configure:2691: $? = 4
configure:2711: checking whether the C compiler works
configure:2733: gcc -fno-omit-frame-pointer -g -O0 -fno-inline  -L/opt/gnome/lib64  conftest.c  >&5
configure:2737: $? = 0
configure:2785: result: yes
configure:2788: checking for C compiler default output file name
configure:2790: result: a.out
configure:2796: checking for suffix of executables
configure:2803: gcc -o conftest -fno-omit-frame-pointer -g -O0 -fno-inline  -L/opt/gnome/lib64  conftest.c  >&5
configure:2807: $? = 0
configure:2829: result: 
configure:2851: checking whether we are cross compiling
configure:2859: gcc -o conftest -fno-omit-frame-pointer -g -O0 -fno-inline  -L/opt/gnome/lib64  conftest.c  >&5
configure:2863: $? = 0
configure:2870: ./conftest
configure:2874: $? = 0
configure:2889: result: no
configure:2894: checking for suffix of object files
configure:2916: gcc -c -fno-omit-frame-pointer -g -O0 -fno-inline  conftest.c >&5
configure:2920: $? = 0
configure:2941: result: o
configure:2945: checking whether we are using the GNU C compiler
configure:2964: gcc -c -fno-omit-frame-pointer -g -O0 -fno-inline  conftest.c >&5
configure:2964: $? = 0
configure:2973: result: yes
configure:2982: checking whether gcc accepts -g
configure:3002: gcc -c -g  conftest.c >&5
configure:3002: $? = 0
configure:3043: result: yes
configure:3060: checking for gcc option to accept ISO C89
configure:3123: gcc  -c -fno-omit-frame-pointer -g -O0 -fno-inline  conftest.c >&5
configure:3123: $? = 0
configure:3136: result: none needed
configure:3157: checking for library containing strerror
configure:3188: gcc -o conftest -fno-omit-frame-pointer -g -O0 -fno-inline  -L/opt/gnome/lib64  conftest.c  >&5
configure:3188: $? = 0
configure:3205: result: none required
configure:3218: checking how to run the C preprocessor
configure:3249: gcc -E  conftest.c
configure:3249: $? = 0
configure:3263: gcc -E  conftest.c
conftest.c:9:28: fatal error: ac_nonexistent.h: No such file or directory
compilation terminated.
configure:3263: $? = 1
configure: failed program was:
| /* confdefs.h */
| #define PACKAGE_NAME "gedit-code-assistance"
| #define PACKAGE_TARNAME "gedit-code-assistance"
| #define PACKAGE_VERSION "0.2.0"
| #define PACKAGE_STRING "gedit-code-assistance 0.2.0"
| #define PACKAGE_BUGREPORT "http://bugzilla.gnome.org/enter_bug.cgi?product=gedit"
| #define PACKAGE_URL "http://projects.gnome.org/gedit/"
| /* end confdefs.h.  */
| #include <ac_nonexistent.h>
configure:3288: result: gcc -E
configure:3308: gcc -E  conftest.c
configure:3308: $? = 0
configure:3322: gcc -E  conftest.c
conftest.c:9:28: fatal error: ac_nonexistent.h: No such file or directory
compilation terminated.
configure:3322: $? = 1
configure: failed program was:
| /* confdefs.h */
| #define PACKAGE_NAME "gedit-code-assistance"
| #define PACKAGE_TARNAME "gedit-code-assistance"
| #define PACKAGE_VERSION "0.2.0"
| #define PACKAGE_STRING "gedit-code-assistance 0.2.0"
| #define PACKAGE_BUGREPORT "http://bugzilla.gnome.org/enter_bug.cgi?product=gedit"
| #define PACKAGE_URL "http://projects.gnome.org/gedit/"
| /* end confdefs.h.  */
| #include <ac_nonexistent.h>
configure:3351: checking for grep that handles long lines and -e
configure:3409: result: /bin/grep
configure:3414: checking for egrep
configure:3476: result: /bin/grep -E
configure:3481: checking for ANSI C header files
configure:3501: gcc -c -fno-omit-frame-pointer -g -O0 -fno-inline  conftest.c >&5
configure:3501: $? = 0
configure:3574: gcc -o conftest -fno-omit-frame-pointer -g -O0 -fno-inline  -L/opt/gnome/lib64  conftest.c  >&5
configure:3574: $? = 0
configure:3574: ./conftest
configure:3574: $? = 0
configure:3585: result: yes
configure:3641: checking for gcc
configure:3668: result: gcc
configure:3897: checking for C compiler version
configure:3906: gcc --version >&5
gcc (Debian 4.7.2-5) 4.7.2
Copyright (C) 2012 Free Software Foundation, Inc.
This is free software; see the source for copying conditions.  There is NO
warranty; not even for MERCHANTABILITY or FITNESS FOR A PARTICULAR PURPOSE.

configure:3917: $? = 0
configure:3906: gcc -v >&5
Using built-in specs.
COLLECT_GCC=gcc
COLLECT_LTO_WRAPPER=/usr/lib/gcc/x86_64-linux-gnu/4.7/lto-wrapper
Target: x86_64-linux-gnu
Configured with: ../src/configure -v --with-pkgversion='Debian 4.7.2-5' --with-bugurl=file:///usr/share/doc/gcc-4.7/README.Bugs --enable-languages=c,c++,go,fortran,objc,obj-c++ --prefix=/usr --program-suffix=-4.7 --enable-shared --enable-linker-build-id --with-system-zlib --libexecdir=/usr/lib --without-included-gettext --enable-threads=posix --with-gxx-include-dir=/usr/include/c++/4.7 --libdir=/usr/lib --enable-nls --with-sysroot=/ --enable-clocale=gnu --enable-libstdcxx-debug --enable-libstdcxx-time=yes --enable-gnu-unique-object --enable-plugin --enable-objc-gc --with-arch-32=i586 --with-tune=generic --enable-checking=release --build=x86_64-linux-gnu --host=x86_64-linux-gnu --target=x86_64-linux-gnu
Thread model: posix
gcc version 4.7.2 (Debian 4.7.2-5) 
configure:3917: $? = 0
configure:3906: gcc -V >&5
gcc: error: unrecognized command line option '-V'
gcc: fatal error: no input files
compilation terminated.
configure:3917: $? = 4
configure:3906: gcc -qversion >&5
gcc: error: unrecognized command line option '-qversion'
gcc: fatal error: no input files
compilation terminated.
configure:3917: $? = 4
configure:3921: checking whether we are using the GNU C compiler
configure:3949: result: yes
configure:3958: checking whether gcc accepts -g
configure:4019: result: yes
configure:4036: checking for gcc option to accept ISO C89
configure:4112: result: none needed
configure:4180: checking for gcc
configure:4207: result: gcc
configure:4436: checking for C compiler version
configure:4445: gcc --version >&5
gcc (Debian 4.7.2-5) 4.7.2
Copyright (C) 2012 Free Software Foundation, Inc.
This is free software; see the source for copying conditions.  There is NO
warranty; not even for MERCHANTABILITY or FITNESS FOR A PARTICULAR PURPOSE.

configure:4456: $? = 0
configure:4445: gcc -v >&5
Using built-in specs.
COLLECT_GCC=gcc
COLLECT_LTO_WRAPPER=/usr/lib/gcc/x86_64-linux-gnu/4.7/lto-wrapper
Target: x86_64-linux-gnu
Configured with: ../src/configure -v --with-pkgversion='Debian 4.7.2-5' --with-bugurl=file:///usr/share/doc/gcc-4.7/README.Bugs --enable-languages=c,c++,go,fortran,objc,obj-c++ --prefix=/usr --program-suffix=-4.7 --enable-shared --enable-linker-build-id --with-system-zlib --libexecdir=/usr/lib --without-included-gettext --enable-threads=posix --with-gxx-include-dir=/usr/include/c++/4.7 --libdir=/usr/lib --enable-nls --with-sysroot=/ --enable-clocale=gnu --enable-libstdcxx-debug --enable-libstdcxx-time=yes --enable-gnu-unique-object --enable-plugin --enable-objc-gc --with-arch-32=i586 --with-tune=generic --enable-checking=release --build=x86_64-linux-gnu --host=x86_64-linux-gnu --target=x86_64-linux-gnu
Thread model: posix
gcc version 4.7.2 (Debian 4.7.2-5) 
configure:4456: $? = 0
configure:4445: gcc -V >&5
gcc: error: unrecognized command line option '-V'
gcc: fatal error: no input files
compilation terminated.
configure:4456: $? = 4
configure:4445: gcc -qversion >&5
gcc: error: unrecognized command line option '-qversion'
gcc: fatal error: no input files
compilation terminated.
configure:4456: $? = 4
configure:4460: checking whether we are using the GNU C compiler
configure:4488: result: yes
configure:4497: checking whether gcc accepts -g
configure:4558: result: yes
configure:4575: checking for gcc option to accept ISO C89
configure:4651: result: none needed
configure:4674: checking for ANSI C header files
configure:4778: result: yes
configure:4844: checking build system type
configure:4858: result: x86_64-unknown-linux-gnu
configure:4878: checking host system type
configure:4891: result: x86_64-unknown-linux-gnu
configure:4932: checking how to print strings
configure:4959: result: printf
configure:4980: checking for a sed that does not truncate output
configure:5044: result: /bin/sed
configure:5062: checking for fgrep
configure:5124: result: /bin/grep -F
configure:5159: checking for ld used by gcc
configure:5226: result: /usr/bin/ld
configure:5233: checking if the linker (/usr/bin/ld) is GNU ld
configure:5248: result: yes
configure:5260: checking for BSD- or MS-compatible name lister (nm)
configure:5309: result: /usr/bin/nm -B
configure:5439: checking the name lister (/usr/bin/nm -B) interface
configure:5446: gcc -c -fno-omit-frame-pointer -g -O0 -fno-inline  conftest.c >&5
configure:5449: /usr/bin/nm -B "conftest.o"
configure:5452: output
0000000000000000 B some_variable
configure:5459: result: BSD nm
configure:5462: checking whether ln -s works
configure:5466: result: yes
configure:5474: checking the maximum length of command line arguments
configure:5604: result: 1572864
configure:5621: checking whether the shell understands some XSI constructs
configure:5631: result: yes
configure:5635: checking whether the shell understands "+="
configure:5641: result: yes
configure:5676: checking how to convert x86_64-unknown-linux-gnu file names to x86_64-unknown-linux-gnu format
configure:5716: result: func_convert_file_noop
configure:5723: checking how to convert x86_64-unknown-linux-gnu file names to toolchain format
configure:5743: result: func_convert_file_noop
configure:5750: checking for /usr/bin/ld option to reload object files
configure:5757: result: -r
configure:5831: checking for objdump
configure:5847: found /usr/bin/objdump
configure:5858: result: objdump
configure:5890: checking how to recognize dependent libraries
configure:6088: result: pass_all
configure:6173: checking for dlltool
configure:6203: result: no
configure:6233: checking how to associate runtime and link libraries
configure:6260: result: printf %s\n
configure:6320: checking for ar
configure:6336: found /usr/bin/ar
configure:6347: result: ar
configure:6384: checking for archiver @FILE support
configure:6401: gcc -c -fno-omit-frame-pointer -g -O0 -fno-inline  conftest.c >&5
configure:6401: $? = 0
configure:6404: ar cru libconftest.a @conftest.lst >&5
configure:6407: $? = 0
configure:6412: ar cru libconftest.a @conftest.lst >&5
ar: conftest.o: No such file or directory
configure:6415: $? = 1
configure:6427: result: @
configure:6485: checking for strip
configure:6501: found /usr/bin/strip
configure:6512: result: strip
configure:6584: checking for ranlib
configure:6600: found /usr/bin/ranlib
configure:6611: result: ranlib
configure:6688: checking for gawk
configure:6718: result: no
configure:6688: checking for mawk
configure:6704: found /usr/bin/mawk
configure:6715: result: mawk
configure:6755: checking command to parse /usr/bin/nm -B output from gcc object
configure:6875: gcc -c -fno-omit-frame-pointer -g -O0 -fno-inline  conftest.c >&5
configure:6878: $? = 0
configure:6882: /usr/bin/nm -B conftest.o \| sed -n -e 's/^.*[ ]\([ABCDGIRSTW][ABCDGIRSTW]*\)[ ][ ]*\([_A-Za-z][_A-Za-z0-9]*\)$/\1 \2 \2/p' | sed '/ __gnu_lto/d' \> conftest.nm
configure:6885: $? = 0
configure:6951: gcc -o conftest -fno-omit-frame-pointer -g -O0 -fno-inline  -L/opt/gnome/lib64  conftest.c conftstm.o >&5
configure:6954: $? = 0
configure:6992: result: ok
configure:7029: checking for sysroot
configure:7059: result: no
configure:7136: gcc -c -fno-omit-frame-pointer -g -O0 -fno-inline  conftest.c >&5
configure:7139: $? = 0
configure:7315: checking for mt
configure:7331: found /bin/mt
configure:7342: result: mt
configure:7365: checking if mt is a manifest tool
configure:7371: mt '-?'
configure:7379: result: no
configure:8021: checking for sys/types.h
configure:8021: gcc -c -fno-omit-frame-pointer -g -O0 -fno-inline  conftest.c >&5
configure:8021: $? = 0
configure:8021: result: yes
configure:8021: checking for sys/stat.h
configure:8021: gcc -c -fno-omit-frame-pointer -g -O0 -fno-inline  conftest.c >&5
configure:8021: $? = 0
configure:8021: result: yes
configure:8021: checking for stdlib.h
configure:8021: gcc -c -fno-omit-frame-pointer -g -O0 -fno-inline  conftest.c >&5
configure:8021: $? = 0
configure:8021: result: yes
configure:8021: checking for string.h
configure:8021: gcc -c -fno-omit-frame-pointer -g -O0 -fno-inline  conftest.c >&5
configure:8021: $? = 0
configure:8021: result: yes
configure:8021: checking for memory.h
configure:8021: gcc -c -fno-omit-frame-pointer -g -O0 -fno-inline  conftest.c >&5
configure:8021: $? = 0
configure:8021: result: yes
configure:8021: checking for strings.h
configure:8021: gcc -c -fno-omit-frame-pointer -g -O0 -fno-inline  conftest.c >&5
configure:8021: $? = 0
configure:8021: result: yes
configure:8021: checking for inttypes.h
configure:8021: gcc -c -fno-omit-frame-pointer -g -O0 -fno-inline  conftest.c >&5
configure:8021: $? = 0
configure:8021: result: yes
configure:8021: checking for stdint.h
configure:8021: gcc -c -fno-omit-frame-pointer -g -O0 -fno-inline  conftest.c >&5
configure:8021: $? = 0
configure:8021: result: yes
configure:8021: checking for unistd.h
configure:8021: gcc -c -fno-omit-frame-pointer -g -O0 -fno-inline  conftest.c >&5
configure:8021: $? = 0
configure:8021: result: yes
configure:8035: checking for dlfcn.h
configure:8035: gcc -c -fno-omit-frame-pointer -g -O0 -fno-inline  conftest.c >&5
configure:8035: $? = 0
configure:8035: result: yes
configure:8241: checking for objdir
configure:8256: result: .libs
configure:8527: checking if gcc supports -fno-rtti -fno-exceptions
configure:8545: gcc -c -fno-omit-frame-pointer -g -O0 -fno-inline  -fno-rtti -fno-exceptions conftest.c >&5
cc1: warning: command line option '-fno-rtti' is valid for C++/ObjC++ but not for C [enabled by default]
configure:8549: $? = 0
configure:8562: result: no
configure:8889: checking for gcc option to produce PIC
configure:8896: result: -fPIC -DPIC
configure:8904: checking if gcc PIC flag -fPIC -DPIC works
configure:8922: gcc -c -fno-omit-frame-pointer -g -O0 -fno-inline  -fPIC -DPIC -DPIC conftest.c >&5
configure:8926: $? = 0
configure:8939: result: yes
configure:8968: checking if gcc static flag -static works
configure:8996: result: yes
configure:9011: checking if gcc supports -c -o file.o
configure:9032: gcc -c -fno-omit-frame-pointer -g -O0 -fno-inline  -o out/conftest2.o conftest.c >&5
configure:9036: $? = 0
configure:9058: result: yes
configure:9066: checking if gcc supports -c -o file.o
configure:9113: result: yes
configure:9146: checking whether the gcc linker (/usr/bin/ld -m elf_x86_64) supports shared libraries
configure:10303: result: yes
configure:10340: checking whether -lc should be explicitly linked in
configure:10348: gcc -c -fno-omit-frame-pointer -g -O0 -fno-inline  conftest.c >&5
configure:10351: $? = 0
configure:10366: gcc -shared  -fPIC -DPIC conftest.o  -v -Wl,-soname -Wl,conftest -o conftest 2\>\&1 \| /bin/grep  -lc  \>/dev/null 2\>\&1
configure:10369: $? = 0
configure:10383: result: no
configure:10543: checking dynamic linker characteristics
configure:11043: gcc -o conftest -fno-omit-frame-pointer -g -O0 -fno-inline  -L/opt/gnome/lib64  -Wl,-rpath -Wl,/foo conftest.c  >&5
configure:11043: $? = 0
configure:11277: result: GNU/Linux ld.so
configure:11384: checking how to hardcode library paths into programs
configure:11409: result: immediate
configure:11949: checking whether stripping libraries is possible
configure:11954: result: yes
configure:11989: checking if libtool supports shared libraries
configure:11991: result: yes
configure:11994: checking whether to build shared libraries
configure:12015: result: yes
configure:12018: checking whether to build static libraries
configure:12022: result: yes
configure:12072: checking for python
configure:12090: found /usr/bin/python
configure:12102: result: /usr/bin/python
configure:12123: checking for python version
configure:12130: result: 2.7
configure:12142: checking for python platform
configure:12149: result: linux2
configure:12156: checking for python script directory
configure:12184: result: ${prefix}/lib/python2.7/dist-packages
configure:12193: checking for python extension module directory
configure:12221: result: ${exec_prefix}/lib/python2.7/dist-packages
configure:12251: checking for a BSD-compatible install
configure:12319: result: /home/melissawen/.local/bin/install-check
configure:12330: checking whether build environment is sane
configure:12380: result: yes
configure:12521: checking for a thread-safe mkdir -p
configure:12560: result: /bin/mkdir -p
configure:12569: checking whether make sets $(MAKE)
configure:12591: result: yes
configure:12621: checking for style of include used by make
configure:12649: result: GNU
configure:12729: checking how to create a ustar tar archive
configure:12742: tar --version
tar (GNU tar) 1.26
Copyright (C) 2011 Free Software Foundation, Inc.
License GPLv3+: GNU GPL version 3 or later <http://gnu.org/licenses/gpl.html>.
This is free software: you are free to change and redistribute it.
There is NO WARRANTY, to the extent permitted by law.

Written by John Gilmore and Jay Fenlason.
configure:12745: $? = 0
configure:12785: tardir=conftest.dir && eval tar --format=ustar -chf - "$tardir" >conftest.tar
configure:12788: $? = 0
configure:12792: tar -xf - <conftest.tar
configure:12795: $? = 0
configure:12808: result: gnutar
configure:12816: checking dependency style of gcc
configure:12927: result: gcc3
configure:12944: checking whether to enable maintainer-specific portions of Makefiles
configure:12953: result: yes
configure:12977: checking whether make supports nested variables
configure:12994: result: yes
configure:13007: checking whether make sets $(MAKE)
configure:13029: result: yes
configure:13041: checking for valac
configure:13059: found /usr/bin/valac
configure:13071: result: /usr/bin/valac
configure:13166: checking for pkg-config
configure:13184: found /usr/bin/pkg-config
configure:13196: result: /usr/bin/pkg-config
configure:13221: checking pkg-config is at least version 0.9.0
configure:13224: result: yes
configure:13236: checking for GCP
configure:13248: $PKG_CONFIG --exists --print-errors "
	glib-2.0
	gio-2.0
	gee-1.0
	libpeas-1.0 >= 1.5
"
configure:13256: $? = 0
configure:13280: $PKG_CONFIG --exists --print-errors "
	glib-2.0
	gio-2.0
	gee-1.0
	libpeas-1.0 >= 1.5
"
configure:13288: $? = 0
configure:13366: result: yes
configure:13378: checking for llvm-config
configure:13396: found /usr/bin/llvm-config
configure:13408: result: /usr/bin/llvm-config
configure:13431: checking for clang_createIndex in -lclang
configure:13456: gcc -o conftest -fno-omit-frame-pointer -g -O0 -fno-inline -I/usr/lib/llvm-3.0/include  -DNDEBUG -D_GNU_SOURCE -D__STDC_CONSTANT_MACROS -D__STDC_FORMAT_MACROS -D__STDC_LIMIT_MACROS -g -O2 -fomit-frame-pointer -fPIC  -L/opt/gnome/lib64  -L/usr/lib/llvm-3.0/lib  -lpthread -lffi -ldl -lm  conftest.c -lclang   >&5
/usr/bin/ld: cannot find -lclang
collect2: error: ld returned 1 exit status
configure:13456: $? = 1
configure: failed program was:
| /* confdefs.h */
| #define PACKAGE_NAME "gedit-code-assistance"
| #define PACKAGE_TARNAME "gedit-code-assistance"
| #define PACKAGE_VERSION "0.2.0"
| #define PACKAGE_STRING "gedit-code-assistance 0.2.0"
| #define PACKAGE_BUGREPORT "http://bugzilla.gnome.org/enter_bug.cgi?product=gedit"
| #define PACKAGE_URL "http://projects.gnome.org/gedit/"
| #define STDC_HEADERS 1
| #define STDC_HEADERS 1
| #define HAVE_SYS_TYPES_H 1
| #define HAVE_SYS_STAT_H 1
| #define HAVE_STDLIB_H 1
| #define HAVE_STRING_H 1
| #define HAVE_MEMORY_H 1
| #define HAVE_STRINGS_H 1
| #define HAVE_INTTYPES_H 1
| #define HAVE_STDINT_H 1
| #define HAVE_UNISTD_H 1
| #define HAVE_DLFCN_H 1
| #define LT_OBJDIR ".libs/"
| #define PACKAGE "gedit-code-assistance"
| #define VERSION "0.2.0"
| /* end confdefs.h.  */
| 
| /* Override any GCC internal prototype to avoid an error.
|    Use char because int might match the return type of a GCC
|    builtin and then its argument prototype would still apply.  */
| #ifdef __cplusplus
| extern "C"
| #endif
| char clang_createIndex ();
| int
| main ()
| {
| return clang_createIndex ();
|   ;
|   return 0;
| }
configure:13465: result: no
configure:13471: WARNING: could not find clang library
configure:13529: checking for GEDIT
configure:13536: $PKG_CONFIG --exists --print-errors "gedit >= 3.7.6"
configure:13539: $? = 0
configure:13553: $PKG_CONFIG --exists --print-errors "gedit >= 3.7.6"
configure:13556: $? = 0
configure:13614: result: yes
configure:13667: checking for gobject-introspection
configure:13698: $PKG_CONFIG --exists --print-errors "gobject-introspection-1.0 >= 0.9.3"
configure:13701: $? = 0
configure:13713: result: yes
configure:13825: $PKG_CONFIG --exists --print-errors "pygobject-3.0 >= $PYGOBJECT_REQUIRED"
configure:13828: $? = 0
configure:13839: checking for PYTHON
configure:13846: $PKG_CONFIG --exists --print-errors "pygobject-3.0 >= $PYGOBJECT_REQUIRED"
configure:13849: $? = 0
configure:13863: $PKG_CONFIG --exists --print-errors "pygobject-3.0 >= $PYGOBJECT_REQUIRED"
configure:13866: $? = 0
configure:13924: result: yes
configure:13952: $PKG_CONFIG --exists --print-errors "pygobject-3.0 >= $PYGOBJECT_REQUIRED"
configure:13955: $? = 0
configure:13974: checking for VALA_ENABLED
configure:13981: $PKG_CONFIG --exists --print-errors "	libvala-0.20 >= 0.20 "
configure:13984: $? = 0
configure:13998: $PKG_CONFIG --exists --print-errors "	libvala-0.20 >= 0.20 "
configure:14001: $? = 0
configure:14059: result: yes
configure:14217: creating ./config.status

## ---------------------- ##
## Running config.status. ##
## ---------------------- ##

This file was extended by gedit-code-assistance config.status 0.2.0, which was
generated by GNU Autoconf 2.69.  Invocation command line was

  CONFIG_FILES    = 
  CONFIG_HEADERS  = 
  CONFIG_LINKS    = 
  CONFIG_COMMANDS = 
  $ ./config.status 

on killbill

config.status:1162: creating Makefile
config.status:1162: creating data/Makefile
config.status:1162: creating data/gcp.plugin
config.status:1162: creating src/Makefile
config.status:1162: creating backends/Makefile
config.status:1162: creating backends/c/Makefile
config.status:1162: creating backends/c/gcpbackendc.plugin
config.status:1162: creating backends/python/Makefile
config.status:1162: creating backends/python/gcpbackendpython/Makefile
config.status:1162: creating backends/python/gcpbackendpython.plugin
config.status:1162: creating backends/xml/Makefile
config.status:1162: creating backends/xml/gcpbackendxml/Makefile
config.status:1162: creating backends/xml/gcpbackendxml.plugin
config.status:1162: creating backends/vala/Makefile
config.status:1162: creating vapi/Makefile
config.status:1162: creating config.h
config.status:1391: executing libtool commands
config.status:1391: executing depfiles commands

## ---------------- ##
## Cache variables. ##
## ---------------- ##

ac_cv_build=x86_64-unknown-linux-gnu
ac_cv_c_compiler_gnu=yes
ac_cv_env_CC_set=
ac_cv_env_CC_value=
ac_cv_env_CFLAGS_set=set
ac_cv_env_CFLAGS_value='-fno-omit-frame-pointer -g -O0 -fno-inline'
ac_cv_env_CPPFLAGS_set=
ac_cv_env_CPPFLAGS_value=
ac_cv_env_CPP_set=
ac_cv_env_CPP_value=
ac_cv_env_GCP_CFLAGS_set=
ac_cv_env_GCP_CFLAGS_value=
ac_cv_env_GCP_LIBS_set=
ac_cv_env_GCP_LIBS_value=
ac_cv_env_GEDIT_CFLAGS_set=
ac_cv_env_GEDIT_CFLAGS_value=
ac_cv_env_GEDIT_LIBS_set=
ac_cv_env_GEDIT_LIBS_value=
ac_cv_env_LDFLAGS_set=set
ac_cv_env_LDFLAGS_value='-L/opt/gnome/lib64 '
ac_cv_env_LIBS_set=
ac_cv_env_LIBS_value=
ac_cv_env_PKG_CONFIG_LIBDIR_set=
ac_cv_env_PKG_CONFIG_LIBDIR_value=
ac_cv_env_PKG_CONFIG_PATH_set=set
ac_cv_env_PKG_CONFIG_PATH_value=/opt/gnome/lib64/pkgconfig:/opt/gnome/share/pkgconfig:/usr/share/pkgconfig:/usr/lib32/pkgconfig:/usr/lib/x86_64-linux-gnu/pkgconfig:/usr/lib/pkgconfig:/etc/alternatives:/usr/local/share/pkgconfig:/usr/local/lib/pkgconfig
ac_cv_env_PKG_CONFIG_set=
ac_cv_env_PKG_CONFIG_value=
ac_cv_env_PYTHON_CFLAGS_set=
ac_cv_env_PYTHON_CFLAGS_value=
ac_cv_env_PYTHON_LIBS_set=
ac_cv_env_PYTHON_LIBS_value=
ac_cv_env_PYTHON_set=
ac_cv_env_PYTHON_value=
ac_cv_env_VALA_ENABLED_CFLAGS_set=
ac_cv_env_VALA_ENABLED_CFLAGS_value=
ac_cv_env_VALA_ENABLED_LIBS_set=
ac_cv_env_VALA_ENABLED_LIBS_value=
ac_cv_env_build_alias_set=
ac_cv_env_build_alias_value=
ac_cv_env_host_alias_set=
ac_cv_env_host_alias_value=
ac_cv_env_target_alias_set=
ac_cv_env_target_alias_value=
ac_cv_header_dlfcn_h=yes
ac_cv_header_inttypes_h=yes
ac_cv_header_memory_h=yes
ac_cv_header_stdc=yes
ac_cv_header_stdint_h=yes
ac_cv_header_stdlib_h=yes
ac_cv_header_string_h=yes
ac_cv_header_strings_h=yes
ac_cv_header_sys_stat_h=yes
ac_cv_header_sys_types_h=yes
ac_cv_header_unistd_h=yes
ac_cv_host=x86_64-unknown-linux-gnu
ac_cv_lib_clang_clang_createIndex=no
ac_cv_objext=o
ac_cv_path_EGREP='/bin/grep -E'
ac_cv_path_FGREP='/bin/grep -F'
ac_cv_path_GREP=/bin/grep
ac_cv_path_LLVM_CONFIG=/usr/bin/llvm-config
ac_cv_path_PYTHON=/usr/bin/python
ac_cv_path_SED=/bin/sed
ac_cv_path_VALAC=/usr/bin/valac
ac_cv_path_ac_pt_PKG_CONFIG=/usr/bin/pkg-config
ac_cv_path_mkdir=/bin/mkdir
ac_cv_prog_AWK=mawk
ac_cv_prog_CPP='gcc -E'
ac_cv_prog_ac_ct_AR=ar
ac_cv_prog_ac_ct_CC=gcc
ac_cv_prog_ac_ct_MANIFEST_TOOL=mt
ac_cv_prog_ac_ct_OBJDUMP=objdump
ac_cv_prog_ac_ct_RANLIB=ranlib
ac_cv_prog_ac_ct_STRIP=strip
ac_cv_prog_cc_c89=
ac_cv_prog_cc_g=yes
ac_cv_prog_make_make_set=yes
ac_cv_search_strerror='none required'
am_cv_CC_dependencies_compiler_type=gcc3
am_cv_make_support_nested_variables=yes
am_cv_prog_cc_stdc=
am_cv_prog_tar_ustar=gnutar
am_cv_python_platform=linux2
am_cv_python_pyexecdir='${exec_prefix}/lib/python2.7/dist-packages'
am_cv_python_pythondir='${prefix}/lib/python2.7/dist-packages'
am_cv_python_version=2.7
lt_cv_ar_at_file=@
lt_cv_archive_cmds_need_lc=no
lt_cv_deplibs_check_method=pass_all
lt_cv_file_magic_cmd='$MAGIC_CMD'
lt_cv_file_magic_test_file=
lt_cv_ld_reload_flag=-r
lt_cv_nm_interface='BSD nm'
lt_cv_objdir=.libs
lt_cv_path_LD=/usr/bin/ld
lt_cv_path_NM='/usr/bin/nm -B'
lt_cv_path_mainfest_tool=no
lt_cv_prog_compiler_c_o=yes
lt_cv_prog_compiler_pic='-fPIC -DPIC'
lt_cv_prog_compiler_pic_works=yes
lt_cv_prog_compiler_rtti_exceptions=no
lt_cv_prog_compiler_static_works=yes
lt_cv_prog_gnu_ld=yes
lt_cv_sharedlib_from_linklib_cmd='printf %s\n'
lt_cv_shlibpath_overrides_runpath=no
lt_cv_sys_global_symbol_pipe='sed -n -e '\''s/^.*[	 ]\([ABCDGIRSTW][ABCDGIRSTW]*\)[	 ][	 ]*\([_A-Za-z][_A-Za-z0-9]*\)$/\1 \2 \2/p'\'' | sed '\''/ __gnu_lto/d'\'''
lt_cv_sys_global_symbol_to_c_name_address='sed -n -e '\''s/^: \([^ ]*\)[ ]*$/  {\"\1\", (void *) 0},/p'\'' -e '\''s/^[ABCDGIRSTW]* \([^ ]*\) \([^ ]*\)$/  {"\2", (void *) \&\2},/p'\'''
lt_cv_sys_global_symbol_to_c_name_address_lib_prefix='sed -n -e '\''s/^: \([^ ]*\)[ ]*$/  {\"\1\", (void *) 0},/p'\'' -e '\''s/^[ABCDGIRSTW]* \([^ ]*\) \(lib[^ ]*\)$/  {"\2", (void *) \&\2},/p'\'' -e '\''s/^[ABCDGIRSTW]* \([^ ]*\) \([^ ]*\)$/  {"lib\2", (void *) \&\2},/p'\'''
lt_cv_sys_global_symbol_to_cdecl='sed -n -e '\''s/^T .* \(.*\)$/extern int \1();/p'\'' -e '\''s/^[ABCDGIRSTW]* .* \(.*\)$/extern char \1;/p'\'''
lt_cv_sys_max_cmd_len=1572864
lt_cv_to_host_file_cmd=func_convert_file_noop
lt_cv_to_tool_file_cmd=func_convert_file_noop
pkg_cv_GCP_CFLAGS='-pthread -I/opt/gnome/include/glib-2.0 -I/opt/gnome/lib64/glib-2.0/include -I/opt/gnome/include/libpeas-1.0 -I/opt/gnome/include/gobject-introspection-1.0 -I/usr/include/gee-1.0  '
pkg_cv_GCP_LIBS='-Wl,--export-dynamic -pthread -L/opt/gnome/lib64 -lgee -lpeas-1.0 -lgmodule-2.0 -lgio-2.0 -lgirepository-1.0 -lgobject-2.0 -lglib-2.0  '
pkg_cv_GEDIT_CFLAGS='-pthread -I/opt/gnome/include/gedit-3.0 -I/opt/gnome/include/gtksourceview-3.0 -I/opt/gnome/include/libpeas-1.0 -I/opt/gnome/include/gtk-3.0 -I/opt/gnome/include/atk-1.0 -I/opt/gnome/include/at-spi2-atk/2.0 -I/opt/gnome/include/pango-1.0 -I/opt/gnome/include/gio-unix-2.0/ -I/opt/gnome/include/gdk-pixbuf-2.0 -I/opt/gnome/include/glib-2.0 -I/opt/gnome/lib64/glib-2.0/include -I/opt/gnome/include/harfbuzz -I/opt/gnome/include/gobject-introspection-1.0 -I/usr/include/libxml2 -I/usr/include/cairo -I/usr/include/freetype2 -I/usr/include/pango-1.0 -I/usr/include/pixman-1 -I/usr/include/libpng12  '
pkg_cv_GEDIT_LIBS='-Wl,--export-dynamic -pthread -L/opt/gnome/lib64 -lgtksourceview-3.0 -lpeas-gtk-1.0 -lgtk-3 -lpeas-1.0 -lgdk-3 -latk-1.0 -lpangocairo-1.0 -lgdk_pixbuf-2.0 -lcairo-gobject -lpango-1.0 -lcairo -lgmodule-2.0 -lgio-2.0 -lgirepository-1.0 -lgobject-2.0 -lglib-2.0  '
pkg_cv_PYTHON_CFLAGS='-I/opt/gnome/include/pygobject-3.0 -I/opt/gnome/include/glib-2.0 -I/opt/gnome/lib64/glib-2.0/include  '
pkg_cv_PYTHON_LIBS='-L/opt/gnome/lib64 -lgobject-2.0 -lglib-2.0  '
pkg_cv_VALA_ENABLED_CFLAGS='-I/opt/gnome/include/glib-2.0 -I/opt/gnome/lib64/glib-2.0/include -I/usr/include/vala-0.20  '
pkg_cv_VALA_ENABLED_LIBS='-L/opt/gnome/lib64 -lvala-0.20 -lgobject-2.0 -lglib-2.0  '

## ----------------- ##
## Output variables. ##
## ----------------- ##

ACLOCAL='${SHELL} /home/melissawen/gedit-code-assistance/missing --run aclocal-1.11'
AMDEPBACKSLASH='\'
AMDEP_FALSE='#'
AMDEP_TRUE=''
AMTAR='$${TAR-tar}'
AM_BACKSLASH='\'
AM_DEFAULT_V='$(AM_DEFAULT_VERBOSITY)'
AM_DEFAULT_VERBOSITY='0'
AM_V='$(V)'
AR='ar'
AUTOCONF='${SHELL} /home/melissawen/gedit-code-assistance/missing --run autoconf'
AUTOHEADER='${SHELL} /home/melissawen/gedit-code-assistance/missing --run autoheader'
AUTOMAKE='${SHELL} /home/melissawen/gedit-code-assistance/missing --run automake-1.11'
AWK='mawk'
CC='gcc'
CCDEPMODE='depmode=gcc3'
CFLAGS='-fno-omit-frame-pointer -g -O0 -fno-inline'
CLANG_ENABLED_FALSE=''
CLANG_ENABLED_TRUE='#'
CPP='gcc -E'
CPPFLAGS=''
CYGPATH_W='echo'
DEFS='-DHAVE_CONFIG_H'
DEPDIR='.deps'
DLLTOOL='false'
DSYMUTIL=''
DUMPBIN=''
ECHO_C=''
ECHO_N='-n'
ECHO_T=''
EGREP='/bin/grep -E'
EXEEXT=''
FGREP='/bin/grep -F'
GCP_BACKENDS_DATA_DIR='${datarootdir}/gedit/plugins/gcp/backends'
GCP_BACKENDS_LIBS_DIR='${exec_prefix}/lib/gedit/plugins/gcp/backends'
GCP_CFLAGS='-pthread -I/opt/gnome/include/glib-2.0 -I/opt/gnome/lib64/glib-2.0/include -I/opt/gnome/include/libpeas-1.0 -I/opt/gnome/include/gobject-introspection-1.0 -I/usr/include/gee-1.0  '
GCP_DATA_DIR='${datarootdir}/gedit/plugins/gcp'
GCP_LIBS='-Wl,--export-dynamic -pthread -L/opt/gnome/lib64 -lgee -lpeas-1.0 -lgmodule-2.0 -lgio-2.0 -lgirepository-1.0 -lgobject-2.0 -lglib-2.0  '
GCP_LIBS_DIR='${exec_prefix}/lib/gedit/plugins/gcp'
GEDIT_API_VERSION='3.0'
GEDIT_CFLAGS='-pthread -I/opt/gnome/include/gedit-3.0 -I/opt/gnome/include/gtksourceview-3.0 -I/opt/gnome/include/libpeas-1.0 -I/opt/gnome/include/gtk-3.0 -I/opt/gnome/include/atk-1.0 -I/opt/gnome/include/at-spi2-atk/2.0 -I/opt/gnome/include/pango-1.0 -I/opt/gnome/include/gio-unix-2.0/ -I/opt/gnome/include/gdk-pixbuf-2.0 -I/opt/gnome/include/glib-2.0 -I/opt/gnome/lib64/glib-2.0/include -I/opt/gnome/include/harfbuzz -I/opt/gnome/include/gobject-introspection-1.0 -I/usr/include/libxml2 -I/usr/include/cairo -I/usr/include/freetype2 -I/usr/include/pango-1.0 -I/usr/include/pixman-1 -I/usr/include/libpng12  '
GEDIT_DATA_DIR='${datarootdir}/gedit/plugins'
GEDIT_GIR_DIR='/opt/gnome/share/gedit/gir-1.0'
GEDIT_LIBS='-Wl,--export-dynamic -pthread -L/opt/gnome/lib64 -lgtksourceview-3.0 -lpeas-gtk-1.0 -lgtk-3 -lpeas-1.0 -lgdk-3 -latk-1.0 -lpangocairo-1.0 -lgdk_pixbuf-2.0 -lcairo-gobject -lpango-1.0 -lcairo -lgmodule-2.0 -lgio-2.0 -lgirepository-1.0 -lgobject-2.0 -lglib-2.0  '
GEDIT_PLUGIN_DIR='${exec_prefix}/lib/gedit/plugins'
GREP='/bin/grep'
HAVE_INTROSPECTION_FALSE='#'
HAVE_INTROSPECTION_TRUE=''
INSTALL_DATA='${INSTALL} -m 644'
INSTALL_PROGRAM='${INSTALL}'
INSTALL_SCRIPT='${INSTALL}'
INSTALL_STRIP_PROGRAM='$(install_sh) -c -s'
INTROSPECTION_CFLAGS='-pthread -I/opt/gnome/include/gobject-introspection-1.0 -I/opt/gnome/include/glib-2.0 -I/opt/gnome/lib64/glib-2.0/include  '
INTROSPECTION_COMPILER='/opt/gnome/bin/g-ir-compiler'
INTROSPECTION_GENERATE='/opt/gnome/bin/g-ir-generate'
INTROSPECTION_GIRDIR='/opt/gnome/share/gir-1.0'
INTROSPECTION_LIBS='-L/opt/gnome/lib64 -lgirepository-1.0 -lgobject-2.0 -lglib-2.0  '
INTROSPECTION_MAKEFILE='/opt/gnome/share/gobject-introspection-1.0/Makefile.introspection'
INTROSPECTION_SCANNER='/opt/gnome/bin/g-ir-scanner'
INTROSPECTION_TYPELIBDIR='/opt/gnome/lib64/girepository-1.0'
LD='/usr/bin/ld -m elf_x86_64'
LDFLAGS='-L/opt/gnome/lib64 '
LIBOBJS=''
LIBS=''
LIBTOOL='$(SHELL) $(top_builddir)/libtool'
LIPO=''
LLVM_CFLAGS='-I/usr/lib/llvm-3.0/include  -DNDEBUG -D_GNU_SOURCE -D__STDC_CONSTANT_MACROS -D__STDC_FORMAT_MACROS -D__STDC_LIMIT_MACROS -g -O2 -fomit-frame-pointer -fPIC'
LLVM_CONFIG='/usr/bin/llvm-config'
LLVM_LIBS='-L/usr/lib/llvm-3.0/lib  -lpthread -lffi -ldl -lm '
LLVM_VERSION='3.0'
LN_S='ln -s'
LTLIBOBJS=''
MAINT=''
MAINTAINER_MODE_FALSE='#'
MAINTAINER_MODE_TRUE=''
MAKEINFO='${SHELL} /home/melissawen/gedit-code-assistance/missing --run makeinfo'
MANIFEST_TOOL=':'
MKDIR_P='/bin/mkdir -p'
NM='/usr/bin/nm -B'
NMEDIT=''
OBJDUMP='objdump'
OBJEXT='o'
OTOOL64=''
OTOOL=''
PACKAGE='gedit-code-assistance'
PACKAGE_BUGREPORT='http://bugzilla.gnome.org/enter_bug.cgi?product=gedit'
PACKAGE_NAME='gedit-code-assistance'
PACKAGE_STRING='gedit-code-assistance 0.2.0'
PACKAGE_TARNAME='gedit-code-assistance'
PACKAGE_URL='http://projects.gnome.org/gedit/'
PACKAGE_VERSION='0.2.0'
PATH_SEPARATOR=':'
PKG_CONFIG='/usr/bin/pkg-config'
PKG_CONFIG_LIBDIR=''
PKG_CONFIG_PATH='/opt/gnome/lib64/pkgconfig:/opt/gnome/share/pkgconfig:/usr/share/pkgconfig:/usr/lib32/pkgconfig:/usr/lib/x86_64-linux-gnu/pkgconfig:/usr/lib/pkgconfig:/etc/alternatives:/usr/local/share/pkgconfig:/usr/local/lib/pkgconfig'
PYTHON='/usr/bin/python'
PYTHON_CFLAGS='-I/opt/gnome/include/pygobject-3.0 -I/opt/gnome/include/glib-2.0 -I/opt/gnome/lib64/glib-2.0/include  '
PYTHON_ENABLED_FALSE='#'
PYTHON_ENABLED_TRUE=''
PYTHON_EXEC_PREFIX='${exec_prefix}'
PYTHON_LIBS='-L/opt/gnome/lib64 -lgobject-2.0 -lglib-2.0  '
PYTHON_PLATFORM='linux2'
PYTHON_PREFIX='${prefix}'
PYTHON_VERSION='2.7'
RANLIB='ranlib'
SED='/bin/sed'
SET_MAKE=''
SHELL='/bin/bash'
STRIP='strip'
VALAC='/usr/bin/valac'
VALA_ENABLED_CFLAGS='-I/opt/gnome/include/glib-2.0 -I/opt/gnome/lib64/glib-2.0/include -I/usr/include/vala-0.20  '
VALA_ENABLED_LIBS='-L/opt/gnome/lib64 -lvala-0.20 -lgobject-2.0 -lglib-2.0  '
VERSION='0.2.0'
XML_ENABLED_FALSE='#'
XML_ENABLED_TRUE=''
ac_ct_AR='ar'
ac_ct_CC='gcc'
ac_ct_DUMPBIN=''
am__EXEEXT_FALSE=''
am__EXEEXT_TRUE='#'
am__fastdepCC_FALSE='#'
am__fastdepCC_TRUE=''
am__include='include'
am__isrc=''
am__leading_dot='.'
am__nodep='_no'
am__quote=''
am__tar='tar --format=ustar -chf - "$$tardir"'
am__untar='tar -xf -'
bindir='${exec_prefix}/bin'
build='x86_64-unknown-linux-gnu'
build_alias=''
build_cpu='x86_64'
build_os='linux-gnu'
build_vendor='unknown'
datadir='${datarootdir}'
datarootdir='${prefix}/share'
docdir='${datarootdir}/doc/${PACKAGE_TARNAME}'
dvidir='${docdir}'
exec_prefix='${prefix}'
host='x86_64-unknown-linux-gnu'
host_alias=''
host_cpu='x86_64'
host_os='linux-gnu'
host_vendor='unknown'
htmldir='${docdir}'
includedir='${prefix}/include'
infodir='${datarootdir}/info'
install_sh='${SHELL} /home/melissawen/gedit-code-assistance/install-sh'
libdir='${exec_prefix}/lib'
libexecdir='${exec_prefix}/libexec'
localedir='${datarootdir}/locale'
localstatedir='${prefix}/var'
mandir='${datarootdir}/man'
mkdir_p='/bin/mkdir -p'
oldincludedir='/usr/include'
pdfdir='${docdir}'
pkgpyexecdir='${pyexecdir}/'
pkgpythondir='${pythondir}/'
prefix='/usr/local'
program_transform_name='s,x,x,'
psdir='${docdir}'
pyexecdir='${exec_prefix}/lib/python2.7/dist-packages'
pyoverridesdir='/usr/lib/python2.7/dist-packages/gi/overrides'
pythondir='${prefix}/lib/python2.7/dist-packages'
sbindir='${exec_prefix}/sbin'
sharedstatedir='${prefix}/com'
sysconfdir='${prefix}/etc'
target_alias=''

## ----------- ##
## confdefs.h. ##
## ----------- ##

/* confdefs.h */
#define PACKAGE_NAME "gedit-code-assistance"
#define PACKAGE_TARNAME "gedit-code-assistance"
#define PACKAGE_VERSION "0.2.0"
#define PACKAGE_STRING "gedit-code-assistance 0.2.0"
#define PACKAGE_BUGREPORT "http://bugzilla.gnome.org/enter_bug.cgi?product=gedit"
#define PACKAGE_URL "http://projects.gnome.org/gedit/"
#define STDC_HEADERS 1
#define STDC_HEADERS 1
#define HAVE_SYS_TYPES_H 1
#define HAVE_SYS_STAT_H 1
#define HAVE_STDLIB_H 1
#define HAVE_STRING_H 1
#define HAVE_MEMORY_H 1
#define HAVE_STRINGS_H 1
#define HAVE_INTTYPES_H 1
#define HAVE_STDINT_H 1
#define HAVE_UNISTD_H 1
#define HAVE_DLFCN_H 1
#define LT_OBJDIR ".libs/"
#define PACKAGE "gedit-code-assistance"
#define VERSION "0.2.0"
#define LLVM_VERSION "3.0"
#define GCP_BACKENDS_DIR "/usr/local/lib/gedit/plugins/gcp/backends"
#define GCP_BACKENDS_DATA_DIR "/usr/local/share/gedit/plugins/gcp/backends"
#define GCP_LIBS_DIR "/usr/local/lib/gedit/plugins/gcp"
#define GCP_DATA_DIR "/usr/local/share/gedit/plugins/gcp"

configure: exit 0

## ---------------------- ##
## Running config.status. ##
## ---------------------- ##

This file was extended by gedit-code-assistance config.status 0.2.0, which was
generated by GNU Autoconf 2.69.  Invocation command line was

  CONFIG_FILES    = 
  CONFIG_HEADERS  = 
  CONFIG_LINKS    = 
  CONFIG_COMMANDS = 
  $ ./config.status backends/vala/Makefile depfiles

on killbill

config.status:1162: creating backends/vala/Makefile
config.status:1391: executing depfiles commands
